============================= test session starts ==============================
platform linux -- Python 3.12.3, pytest-9.0.2, pluggy-1.6.0 -- /usr/bin/python
cachedir: .pytest_cache
rootdir: /home/runner/work/datapyn/datapyn
configfile: pytest.ini
plugins: env-1.3.2, cov-7.0.0, timeout-2.4.0
timeout: 30.0s
timeout method: thread
timeout func_only: False
collecting ... collected 188 items / 5 errors

==================================== ERRORS ====================================
________________ ERROR collecting tests/test_code_formatter.py _________________
ImportError while importing test module '/home/runner/work/datapyn/datapyn/tests/test_code_formatter.py'.
Hint: make sure your test modules/packages have valid Python names.
Traceback:
../../../.local/lib/python3.12/site-packages/_pytest/python.py:507: in importtestmodule
    mod = import_path(
../../../.local/lib/python3.12/site-packages/_pytest/pathlib.py:587: in import_path
    importlib.import_module(module_name)
/usr/lib/python3.12/importlib/__init__.py:90: in import_module
    return _bootstrap._gcd_import(name[level:], package, level)
           ^^^^^^^^^^^^^^^^^^^^^^^^^^^^^^^^^^^^^^^^^^^^^^^^^^^^
<frozen importlib._bootstrap>:1387: in _gcd_import
    ???
<frozen importlib._bootstrap>:1360: in _find_and_load
    ???
<frozen importlib._bootstrap>:1331: in _find_and_load_unlocked
    ???
<frozen importlib._bootstrap>:935: in _load_unlocked
    ???
../../../.local/lib/python3.12/site-packages/_pytest/assertion/rewrite.py:197: in exec_module
    exec(co, module.__dict__)
tests/test_code_formatter.py:11: in <module>
    from src.services.code_formatter_service import format_python, format_sql, format_code
source/src/services/__init__.py:10: in <module>
    from .connection_service import ConnectionService, ConnectionConfig
source/src/services/connection_service.py:15: in <module>
    from ..database import ConnectionManager
source/src/database/__init__.py:1: in <module>
    from .connection_manager import ConnectionManager
source/src/database/connection_manager.py:6: in <module>
    from .database_connector import DatabaseConnector
source/src/database/database_connector.py:10: in <module>
    import pyodbc
E   ModuleNotFoundError: No module named 'pyodbc'
_________________ ERROR collecting tests/test_editor_theme.py __________________
ImportError while importing test module '/home/runner/work/datapyn/datapyn/tests/test_editor_theme.py'.
Hint: make sure your test modules/packages have valid Python names.
Traceback:
../../../.local/lib/python3.12/site-packages/_pytest/python.py:507: in importtestmodule
    mod = import_path(
../../../.local/lib/python3.12/site-packages/_pytest/pathlib.py:587: in import_path
    importlib.import_module(module_name)
/usr/lib/python3.12/importlib/__init__.py:90: in import_module
    return _bootstrap._gcd_import(name[level:], package, level)
           ^^^^^^^^^^^^^^^^^^^^^^^^^^^^^^^^^^^^^^^^^^^^^^^^^^^^
<frozen importlib._bootstrap>:1387: in _gcd_import
    ???
<frozen importlib._bootstrap>:1360: in _find_and_load
    ???
<frozen importlib._bootstrap>:1331: in _find_and_load_unlocked
    ???
<frozen importlib._bootstrap>:935: in _load_unlocked
    ???
../../../.local/lib/python3.12/site-packages/_pytest/assertion/rewrite.py:197: in exec_module
    exec(co, module.__dict__)
tests/test_editor_theme.py:6: in <module>
    from src.core.theme_manager import ThemeManager
source/src/core/__init__.py:2: in <module>
    from .shortcut_manager import ShortcutManager
source/src/core/shortcut_manager.py:6: in <module>
    from PyQt6.QtGui import QKeySequence, QShortcut
E   ImportError: libEGL.so.1: cannot open shared object file: No such file or directory
______________ ERROR collecting tests/test_file_import_service.py ______________
ImportError while importing test module '/home/runner/work/datapyn/datapyn/tests/test_file_import_service.py'.
Hint: make sure your test modules/packages have valid Python names.
Traceback:
../../../.local/lib/python3.12/site-packages/_pytest/python.py:507: in importtestmodule
    mod = import_path(
../../../.local/lib/python3.12/site-packages/_pytest/pathlib.py:587: in import_path
    importlib.import_module(module_name)
/usr/lib/python3.12/importlib/__init__.py:90: in import_module
    return _bootstrap._gcd_import(name[level:], package, level)
           ^^^^^^^^^^^^^^^^^^^^^^^^^^^^^^^^^^^^^^^^^^^^^^^^^^^^
<frozen importlib._bootstrap>:1387: in _gcd_import
    ???
<frozen importlib._bootstrap>:1360: in _find_and_load
    ???
<frozen importlib._bootstrap>:1331: in _find_and_load_unlocked
    ???
<frozen importlib._bootstrap>:935: in _load_unlocked
    ???
../../../.local/lib/python3.12/site-packages/_pytest/assertion/rewrite.py:197: in exec_module
    exec(co, module.__dict__)
tests/test_file_import_service.py:11: in <module>
    from src.services.file_import_service import FileImportService
source/src/services/__init__.py:10: in <module>
    from .connection_service import ConnectionService, ConnectionConfig
source/src/services/connection_service.py:15: in <module>
    from ..database import ConnectionManager
source/src/database/__init__.py:1: in <module>
    from .connection_manager import ConnectionManager
source/src/database/connection_manager.py:6: in <module>
    from .database_connector import DatabaseConnector
source/src/database/database_connector.py:10: in <module>
    import pyodbc
E   ModuleNotFoundError: No module named 'pyodbc'
____________ ERROR collecting tests/test_python_last_expression.py _____________
ImportError while importing test module '/home/runner/work/datapyn/datapyn/tests/test_python_last_expression.py'.
Hint: make sure your test modules/packages have valid Python names.
Traceback:
../../../.local/lib/python3.12/site-packages/_pytest/python.py:507: in importtestmodule
    mod = import_path(
../../../.local/lib/python3.12/site-packages/_pytest/pathlib.py:587: in import_path
    importlib.import_module(module_name)
/usr/lib/python3.12/importlib/__init__.py:90: in import_module
    return _bootstrap._gcd_import(name[level:], package, level)
           ^^^^^^^^^^^^^^^^^^^^^^^^^^^^^^^^^^^^^^^^^^^^^^^^^^^^
<frozen importlib._bootstrap>:1387: in _gcd_import
    ???
<frozen importlib._bootstrap>:1360: in _find_and_load
    ???
<frozen importlib._bootstrap>:1331: in _find_and_load_unlocked
    ???
<frozen importlib._bootstrap>:935: in _load_unlocked
    ???
../../../.local/lib/python3.12/site-packages/_pytest/assertion/rewrite.py:197: in exec_module
    exec(co, module.__dict__)
tests/test_python_last_expression.py:9: in <module>
    from source.src.ui.main_window import PythonWorker
source/src/ui/__init__.py:10: in <module>
    from .main_window import MainWindow
source/src/ui/main_window.py:5: in <module>
    from PyQt6.QtWidgets import (
E   ImportError: libEGL.so.1: cannot open shared object file: No such file or directory
_______________ ERROR collecting tests/test_session_lifecycle.py _______________
ImportError while importing test module '/home/runner/work/datapyn/datapyn/tests/test_session_lifecycle.py'.
Hint: make sure your test modules/packages have valid Python names.
Traceback:
../../../.local/lib/python3.12/site-packages/_pytest/python.py:507: in importtestmodule
    mod = import_path(
../../../.local/lib/python3.12/site-packages/_pytest/pathlib.py:587: in import_path
    importlib.import_module(module_name)
/usr/lib/python3.12/importlib/__init__.py:90: in import_module
    return _bootstrap._gcd_import(name[level:], package, level)
           ^^^^^^^^^^^^^^^^^^^^^^^^^^^^^^^^^^^^^^^^^^^^^^^^^^^^
<frozen importlib._bootstrap>:1387: in _gcd_import
    ???
<frozen importlib._bootstrap>:1360: in _find_and_load
    ???
<frozen importlib._bootstrap>:1331: in _find_and_load_unlocked
    ???
<frozen importlib._bootstrap>:935: in _load_unlocked
    ???
../../../.local/lib/python3.12/site-packages/_pytest/assertion/rewrite.py:197: in exec_module
    exec(co, module.__dict__)
tests/test_session_lifecycle.py:10: in <module>
    from src.services.session_lifecycle_service import SessionLifecycleService, ISessionHost
source/src/services/__init__.py:10: in <module>
    from .connection_service import ConnectionService, ConnectionConfig
source/src/services/connection_service.py:15: in <module>
    from ..database import ConnectionManager
source/src/database/__init__.py:1: in <module>
    from .connection_manager import ConnectionManager
source/src/database/connection_manager.py:6: in <module>
    from .database_connector import DatabaseConnector
source/src/database/database_connector.py:10: in <module>
    import pyodbc
E   ModuleNotFoundError: No module named 'pyodbc'
=========================== short test summary info ============================
ERROR tests/test_code_formatter.py
ERROR tests/test_editor_theme.py
ERROR tests/test_file_import_service.py
ERROR tests/test_python_last_expression.py
ERROR tests/test_session_lifecycle.py
!!!!!!!!!!!!!!!!!!! Interrupted: 5 errors during collection !!!!!!!!!!!!!!!!!!!!
============================== 5 errors in 1.01s ===============================
